Arguments: 
  /usr/local/bin/node /opt/yarn-v1.22.19/bin/yarn.js install --frozen-lockfile

PATH: 
  /usr/local/sbin:/usr/local/bin:/usr/sbin:/usr/bin:/sbin:/bin

Yarn version: 
  1.22.19

Node version: 
  19.9.0

Platform: 
  linux x64

Trace: 
  Error: ENOENT: no such file or directory, copyfile '/usr/local/share/.cache/yarn/v6/npm-glob-parent-6.0.2-6d237d99083950c79290f24c7642a3de9a28f9e3-integrity/node_modules/glob-parent/LICENSE' -> '/client/node_modules/tailwindcss/node_modules/glob-parent/LICENSE'

npm manifest: 
  {
      "private": true,
      "scripts": {
        "dev": "next",
        "build": "next build",
        "start": "next start"
      },
      "dependencies": {
        "@emotion/react": "^11.9.0",
        "@emotion/styled": "^11.9.0",
        "framer-motion": "^6.3.0",
        "next": "latest",
        "react": "^18.2.0",
        "react-dom": "^18.2.0",
        "react-icons": "^4.7.1",
        "react-query": "^3.39.2",
        "tailwindcss": "^3.2.4"
      },
      "devDependencies": {
        "@types/node": "^18.0.0",
        "@types/react": "^18.0.0",
        "@types/react-dom": "^18.0.0",
        "autoprefixer": "^10.4.13",
        "postcss": "^8.4.21",
        "tailwindcss": "^3.2.4",
        "typescript": "^4.7.2"
      }
    }

yarn manifest: 
  No manifest

Lockfile: 
  No lockfile
